<?xml version="1.0" encoding="UTF-8"?>
<!-- Generated by org.testng.reporters.JUnitReportReporter -->
<testsuite skipped="0" hostname="abhishaili" name="tests.LoginTest" tests="2" failures="0" timestamp="02 Jun 2019 20:06:12 GMT" time="63.771" errors="0">
  <testcase name="loginWithWrongPasswordTest" time="33.782" classname="tests.LoginTest"/>
  <testcase name="loginWithWrongEmailTest" time="29.989" classname="tests.LoginTest"/>
</testsuite> <!-- tests.LoginTest -->
